<?xml version="1.0" encoding="UTF-8"?>
<testng-results skipped="0" failed="0" ignored="0" total="1" passed="1">
  <reporter-output>
  </reporter-output>
  <suite name="Default suite" duration-ms="62" started-at="2019-12-28T00:30:32 IST" finished-at="2019-12-28T00:30:32 IST">
    <groups>
    </groups>
    <test name="Default test" duration-ms="62" started-at="2019-12-28T00:30:32 IST" finished-at="2019-12-28T00:30:32 IST">
      <class name="NewTest">
        <test-method status="PASS" signature="beforeTest()[pri:0, instance:NewTest@4fe3c938]" name="beforeTest" is-config="true" duration-ms="31" started-at="2019-12-28T00:30:32 IST" finished-at="2019-12-28T00:30:32 IST">
          <reporter-output>
          </reporter-output>
        </test-method> <!-- beforeTest -->
        <test-method status="PASS" signature="f()[pri:0, instance:NewTest@4fe3c938]" name="f" duration-ms="15" started-at="2019-12-28T00:30:32 IST" finished-at="2019-12-28T00:30:32 IST">
          <reporter-output>
          </reporter-output>
        </test-method> <!-- f -->
      </class> <!-- NewTest -->
    </test> <!-- Default test -->
  </suite> <!-- Default suite -->
</testng-results>
